%!Adobe-FontList 1.19
%Locale:0x410

%BeginFont
Handler:DirectoryHandler
FontType:TrueType
FontName:Antonio-Light
FamilyName:Antonio
StyleName:Light
FullName:Antonio Light
MenuName:Antonio
StyleBits:0
WritingScript:Roman
OutlineFileName:C:\Users\Eleonora\Desktop\uni\laboratorio d'interni\14-3\Cartella casa\Document fonts\antonio.light.ttf
DataFormat:sfntData
hasSVG:no
VariableFontType:NonVariableFont
FileLength:46564
FileModTime:1520520772
WeightClass:300
WidthClass:1
AngleClass:0
NameArray:0,Mac,4,Antonio Light
NameArray:0,Win,1,Antonio
NameArray:0,Win,16,Antonio
%EndFont

%BeginFont
Handler:DirectoryHandler
FontType:TrueType
FontName:Antonio-Regular
FamilyName:Antonio
StyleName:Regular
FullName:Antonio Regular
MenuName:Antonio
StyleBits:0
WritingScript:Roman
OutlineFileName:C:\Users\Eleonora\Desktop\uni\laboratorio d'interni\14-3\Cartella casa\Document fonts\antonio.regular.ttf
DataFormat:sfntData
hasSVG:no
VariableFontType:NonVariableFont
FileLength:47944
FileModTime:1520520772
WeightClass:400
WidthClass:1
AngleClass:0
NameArray:0,Mac,4,Antonio Regular
NameArray:0,Win,1,Antonio
NameArray:0,Win,16,Antonio
%EndFont

%BeginFont
Handler:DirectoryHandler
FontType:TrueType
FontName:Helvetica
FamilyName:Helvetica
StyleName:Regular
FullName:Helvetica
MenuName:Helvetica
StyleBits:0
WritingScript:Roman
OutlineFileName:C:\Users\Eleonora\Desktop\uni\laboratorio d'interni\14-3\Cartella casa\Document fonts\HELR45W.ttf
DataFormat:sfntData
hasSVG:no
VariableFontType:NonVariableFont
FileLength:83644
FileModTime:1520691303
WeightClass:400
WidthClass:5
AngleClass:0
NameArray:0,Mac,4,Helvetica
NameArray:0,Win,1,Helvetica
%EndFont

%BeginFont
Handler:DirectoryHandler
FontType:Type1
FontName:Metric-Medium
FamilyName:Metric
StyleName:Medium
FullName:Metric Medium
MenuName:Metric Medium
StyleBits:0
WritingScript:Roman
OutlineFileName:C:\Users\Eleonora\Desktop\uni\laboratorio d'interni\14-3\Cartella casa\Document fonts\Metric-Medium.otf
DataFormat:sfntData
UsesStandardEncoding:yes
isCFF:yes
hasSVG:no
VariableFontType:NonVariableFont
FileLength:47260
FileModTime:1520777946
WeightClass:500
WidthClass:5
AngleClass:0
NameArray:0,Mac,4,Metric Medium
NameArray:0,Win,1,Metric Medium
NameArray:0,Win,16,Metric
%EndFont

%BeginFont
Handler:DirectoryHandler
FontType:Type1
FontName:Metric-Regular
FamilyName:Metric
StyleName:Regular
FullName:Metric
MenuName:Metric Regular
StyleBits:0
WritingScript:Roman
OutlineFileName:C:\Users\Eleonora\Desktop\uni\laboratorio d'interni\14-3\Cartella casa\Document fonts\Metric-Regular.otf
DataFormat:sfntData
UsesStandardEncoding:yes
isCFF:yes
hasSVG:no
VariableFontType:NonVariableFont
FileLength:49292
FileModTime:1520603886
WeightClass:400
WidthClass:5
AngleClass:0
NameArray:0,Mac,18,Metric Regular
NameArray:0,Mac,4,Metric
NameArray:0,Win,1,Metric Regular
NameArray:0,Win,16,Metric
%EndFont

